c:\users\alvar\source\repos\calculadora de pedidos\calculadora de pedidos\debug\vc142.pdb
c:\users\alvar\source\repos\calculadora de pedidos\calculadora de pedidos\debug\vc142.idb
c:\users\alvar\source\repos\calculadora de pedidos\calculadora de pedidos\debug\menu.nativecodeanalysis.sarif
c:\users\alvar\source\repos\calculadora de pedidos\calculadora de pedidos\debug\menu.nativecodeanalysis.xml
c:\users\alvar\source\repos\calculadora de pedidos\calculadora de pedidos\debug\calculadora de pedidos.nativecodeanalysis.sarif
c:\users\alvar\source\repos\calculadora de pedidos\calculadora de pedidos\debug\calculadora de pedidos.nativecodeanalysis.xml
c:\users\alvar\source\repos\calculadora de pedidos\calculadora de pedidos\debug\calculadora de pedidos.obj
c:\users\alvar\source\repos\calculadora de pedidos\calculadora de pedidos\debug\menu.obj
c:\users\alvar\source\repos\calculadora de pedidos\debug\calculadora de pedidos.ilk
c:\users\alvar\source\repos\calculadora de pedidos\debug\calculadora de pedidos.exe
c:\users\alvar\source\repos\calculadora de pedidos\debug\calculadora de pedidos.pdb
c:\users\alvar\source\repos\calculadora de pedidos\calculadora de pedidos\debug\nativecodeanalysis.read.1.tlog
c:\users\alvar\source\repos\calculadora de pedidos\calculadora de pedidos\debug\vc.nativecodeanalysis.all.xml
c:\users\alvar\source\repos\calculadora de pedidos\debug\calculadora de pedidos.exe.lastcodeanalysissucceeded
c:\users\alvar\source\repos\calculadora de pedidos\calculadora de pedidos\debug\calculad.29477daa.tlog\cl.command.1.tlog
c:\users\alvar\source\repos\calculadora de pedidos\calculadora de pedidos\debug\calculad.29477daa.tlog\cl.read.1.tlog
c:\users\alvar\source\repos\calculadora de pedidos\calculadora de pedidos\debug\calculad.29477daa.tlog\cl.write.1.tlog
c:\users\alvar\source\repos\calculadora de pedidos\calculadora de pedidos\debug\calculad.29477daa.tlog\link.command.1.tlog
c:\users\alvar\source\repos\calculadora de pedidos\calculadora de pedidos\debug\calculad.29477daa.tlog\link.read.1.tlog
c:\users\alvar\source\repos\calculadora de pedidos\calculadora de pedidos\debug\calculad.29477daa.tlog\link.write.1.tlog
